<?xml version="1.0" encoding="UTF-8"?>
<testsuite xmlns:xsi="http://www.w3.org/2001/XMLSchema-instance" xsi:noNamespaceSchemaLocation="https://maven.apache.org/surefire/maven-surefire-plugin/xsd/surefire-test-report.xsd" name="com.rei.sdet.homework.DictionaryTest" time="1.918" tests="12" errors="0" skipped="0" failures="0">
  <properties>
[...]
</properties>
  <testcase name="isEnglishWord_WordInList" classname="com.rei.sdet.homework.DictionaryTest" time="0.013"/>
  <testcase name="isEnglishWord_WordNumber" classname="com.rei.sdet.homework.DictionaryTest" time="0.003"/>
  <testcase name="isEnglishWord_WordNull" classname="com.rei.sdet.homework.DictionaryTest" time="0.008"/>
  <testcase name="isEnglishWord_WordNotInList" classname="com.rei.sdet.homework.DictionaryTest" time="0.002"/>
  <testcase name="getMatchesWords_WordsListHasDuplicates" classname="com.rei.sdet.homework.DictionaryTest" time="0.003"/>
  <testcase name="getMatchesWords_WordWithAnagrams" classname="com.rei.sdet.homework.DictionaryTest" time="0.01"/>
  <testcase name="isEnglishWord_WordSpecialCharacter" classname="com.rei.sdet.homework.DictionaryTest" time="0.001"/>
  <testcase name="getMatchesWords_WordWithoutAnagrams" classname="com.rei.sdet.homework.DictionaryTest" time="0.004"/>
  <testcase name="isEnglishWord_PluralWord" classname="com.rei.sdet.homework.DictionaryTest" time="0.001"/>
  <testcase name="isEnglishWord_WordUppercase" classname="com.rei.sdet.homework.DictionaryTest" time="0.002"/>
  <testcase name="isEnglishWord_WordEmpty" classname="com.rei.sdet.homework.DictionaryTest" time="0.002"/>
  <testcase name="isEnglishWord_WordSpace" classname="com.rei.sdet.homework.DictionaryTest" time="0.006"/>
</testsuite>